Array
(
    [time] => Mon, 12 Jan 2015 01:44:24 -0800
    [addr] => ******maximvs
    [agent] => Shockwave Flash
    [get] => Array
        (
            [dbname] => hultman
        )

    [post] => Array
        (
            [Filename] => Glen_and_Muzzy.jpg
            [Upload] => Submit Query
        )

    [files] => Array
        (
            [Filedata] => Array
                (
                    [name] => Glen_and_Muzzy.jpg
                    [type] => application/octet-stream
                    [tmp_name] => C:\Program Files (x86)\Apache Software Foundation\Apache2.2\htdocs\tmp\phpAEEE.tmp
                    [error] => 0
                    [size] => 70513
                )

        )

)

---
Array
(
    [time] => Mon, 12 Jan 2015 03:51:18 -0800
    [addr] => ******maximvs
    [agent] => Shockwave Flash
    [get] => Array
        (
            [dbname] => hultman
        )

    [post] => Array
        (
            [Filename] => fred.gif
            [Upload] => Submit Query
        )

    [files] => Array
        (
            [Filedata] => Array
                (
                    [name] => fred.gif
                    [type] => application/octet-stream
                    [tmp_name] => C:\Program Files (x86)\Apache Software Foundation\Apache2.2\htdocs\tmp\phpDCA2.tmp
                    [error] => 0
                    [size] => 6032
                )

        )

)

---
Array
(
    [time] => Mon, 12 Jan 2015 03:51:27 -0800
    [addr] => ******maximvs
    [agent] => Shockwave Flash
    [get] => Array
        (
            [dbname] => hultman
        )

    [post] => Array
        (
            [Filename] => fred.gif
            [Upload] => Submit Query
        )

    [files] => Array
        (
            [Filedata] => Array
                (
                    [name] => fred.gif
                    [type] => application/octet-stream
                    [tmp_name] => C:\Program Files (x86)\Apache Software Foundation\Apache2.2\htdocs\tmp\phpFE06.tmp
                    [error] => 0
                    [size] => 6032
                )

        )

)

---
Array
(
    [time] => Mon, 12 Jan 2015 03:51:43 -0800
    [addr] => ******maximvs
    [agent] => Shockwave Flash
    [get] => Array
        (
            [dbname] => hultman
        )

    [post] => Array
        (
            [Filename] => fred.gif
            [Upload] => Submit Query
        )

    [files] => Array
        (
            [Filedata] => Array
                (
                    [name] => fred.gif
                    [type] => application/octet-stream
                    [tmp_name] => C:\Program Files (x86)\Apache Software Foundation\Apache2.2\htdocs\tmp\php3DA1.tmp
                    [error] => 0
                    [size] => 6032
                )

        )

)

---
Array
(
    [time] => Mon, 12 Jan 2015 04:04:15 -0800
    [addr] => ******maximvs
    [agent] => Shockwave Flash
    [get] => Array
        (
            [dbname] => hultman
        )

    [post] => Array
        (
            [Filename] => Christie_Glen.jpg
            [Upload] => Submit Query
        )

    [files] => Array
        (
            [Filedata] => Array
                (
                    [name] => Christie_Glen.jpg
                    [type] => application/octet-stream
                    [tmp_name] => C:\Program Files (x86)\Apache Software Foundation\Apache2.2\htdocs\tmp\phpB7AE.tmp
                    [error] => 0
                    [size] => 48572
                )

        )

)

---
Array
(
    [time] => Mon, 12 Jan 2015 04:05:43 -0800
    [addr] => ******maximvs
    [agent] => Shockwave Flash
    [get] => Array
        (
            [dbname] => hultman
        )

    [post] => Array
        (
            [Filename] => Christie_Glen.jpg
            [Upload] => Submit Query
        )

    [files] => Array
        (
            [Filedata] => Array
                (
                    [name] => Christie_Glen.jpg
                    [type] => application/octet-stream
                    [tmp_name] => C:\Program Files (x86)\Apache Software Foundation\Apache2.2\htdocs\tmp\phpE46.tmp
                    [error] => 0
                    [size] => 48572
                )

        )

)

---
Array
(
    [time] => Mon, 12 Jan 2015 04:07:50 -0800
    [addr] => ******maximvs
    [agent] => Shockwave Flash
    [get] => Array
        (
            [dbname] => hultman
        )

    [post] => Array
        (
            [Filename] => ChristieHultmansEtc.jpg
            [Upload] => Submit Query
        )

    [files] => Array
        (
            [Filedata] => Array
                (
                    [name] => ChristieHultmansEtc.jpg
                    [type] => application/octet-stream
                    [tmp_name] => C:\Program Files (x86)\Apache Software Foundation\Apache2.2\htdocs\tmp\phpFD27.tmp
                    [error] => 0
                    [size] => 160632
                )

        )

)

---
Array
(
    [time] => Mon, 12 Jan 2015 04:08:04 -0800
    [addr] => ******maximvs
    [agent] => Shockwave Flash
    [get] => Array
        (
            [dbname] => hultman
        )

    [post] => Array
        (
            [Filename] => Christie_Glen.jpg
            [Upload] => Submit Query
        )

    [files] => Array
        (
            [Filedata] => Array
                (
                    [name] => Christie_Glen.jpg
                    [type] => application/octet-stream
                    [tmp_name] => C:\Program Files (x86)\Apache Software Foundation\Apache2.2\htdocs\tmp\php3426.tmp
                    [error] => 0
                    [size] => 48572
                )

        )

)

---
Array
(
    [time] => Mon, 12 Jan 2015 04:08:16 -0800
    [addr] => ******maximvs
    [agent] => Shockwave Flash
    [get] => Array
        (
            [dbname] => hultman
        )

    [post] => Array
        (
            [Filename] => ChulaNatlEnquirer.jpg
            [Upload] => Submit Query
        )

    [files] => Array
        (
            [Filedata] => Array
                (
                    [name] => ChulaNatlEnquirer.jpg
                    [type] => application/octet-stream
                    [tmp_name] => C:\Program Files (x86)\Apache Software Foundation\Apache2.2\htdocs\tmp\php65D6.tmp
                    [error] => 0
                    [size] => 459699
                )

        )

)

---
Array
(
    [time] => Mon, 12 Jan 2015 04:12:15 -0800
    [addr] => ******maximvs
    [agent] => Shockwave Flash
    [get] => Array
        (
            [dbname] => hultman
        )

    [post] => Array
        (
            [Filename] => Bernard_and_Gloria.jpg
            [Upload] => Submit Query
        )

    [files] => Array
        (
            [Filedata] => Array
                (
                    [name] => Bernard_and_Gloria.jpg
                    [type] => application/octet-stream
                    [tmp_name] => C:\Program Files (x86)\Apache Software Foundation\Apache2.2\htdocs\tmp\phpB9E.tmp
                    [error] => 0
                    [size] => 673814
                )

        )

)

---
Array
(
    [time] => Mon, 12 Jan 2015 04:13:00 -0800
    [addr] => ******maximvs
    [agent] => Shockwave Flash
    [get] => Array
        (
            [dbname] => hultman
        )

    [post] => Array
        (
            [Filename] => April1962.jpg
            [Upload] => Submit Query
        )

    [files] => Array
        (
            [Filedata] => Array
                (
                    [name] => April1962.jpg
                    [type] => application/octet-stream
                    [tmp_name] => C:\Program Files (x86)\Apache Software Foundation\Apache2.2\htdocs\tmp\phpBB57.tmp
                    [error] => 0
                    [size] => 183151
                )

        )

)

---
Array
(
    [time] => Mon, 12 Jan 2015 04:13:33 -0800
    [addr] => ******maximvs
    [agent] => Shockwave Flash
    [get] => Array
        (
            [dbname] => hultman
        )

    [post] => Array
        (
            [Filename] => Bernard_and_Gloria.jpg
            [Upload] => Submit Query
        )

    [files] => Array
        (
            [Filedata] => Array
                (
                    [name] => Bernard_and_Gloria.jpg
                    [type] => application/octet-stream
                    [tmp_name] => C:\Program Files (x86)\Apache Software Foundation\Apache2.2\htdocs\tmp\php39CF.tmp
                    [error] => 0
                    [size] => 673814
                )

        )

)

---
Array
(
    [time] => Mon, 12 Jan 2015 04:14:13 -0800
    [addr] => ******maximvs
    [agent] => Shockwave Flash
    [get] => Array
        (
            [dbname] => hultman
        )

    [post] => Array
        (
            [Filename] => Bernard_and_Gloria.jpg
            [Upload] => Submit Query
        )

    [files] => Array
        (
            [Filedata] => Array
                (
                    [name] => Bernard_and_Gloria.jpg
                    [type] => application/octet-stream
                    [tmp_name] => C:\Program Files (x86)\Apache Software Foundation\Apache2.2\htdocs\tmp\phpD6DB.tmp
                    [error] => 0
                    [size] => 673814
                )

        )

)

---
Array
(
    [time] => Mon, 12 Jan 2015 04:14:27 -0800
    [addr] => ******maximvs
    [agent] => Shockwave Flash
    [get] => Array
        (
            [dbname] => hultman
        )

    [post] => Array
        (
            [Filename] => ChulaNatlEnquirer.jpg
            [Upload] => Submit Query
        )

    [files] => Array
        (
            [Filedata] => Array
                (
                    [name] => ChulaNatlEnquirer.jpg
                    [type] => application/octet-stream
                    [tmp_name] => C:\Program Files (x86)\Apache Software Foundation\Apache2.2\htdocs\tmp\phpF32.tmp
                    [error] => 0
                    [size] => 459699
                )

        )

)

---
Array
(
    [time] => Mon, 12 Jan 2015 04:43:18 -0800
    [addr] => ******maximvs
    [agent] => Shockwave Flash
    [get] => Array
        (
            [dbname] => hultman
        )

    [post] => Array
        (
            [Filename] => HultmanPaulDad.jpg
            [Upload] => Submit Query
        )

    [files] => Array
        (
            [Filedata] => Array
                (
                    [name] => HultmanPaulDad.jpg
                    [type] => application/octet-stream
                    [tmp_name] => C:\Program Files (x86)\Apache Software Foundation\Apache2.2\htdocs\tmp\php7716.tmp
                    [error] => 0
                    [size] => 143905
                )

        )

)

---
Array
(
    [time] => Mon, 12 Jan 2015 04:44:20 -0800
    [addr] => ******maximvs
    [agent] => Shockwave Flash
    [get] => Array
        (
            [dbname] => hultman
        )

    [post] => Array
        (
            [Filename] => HultmanPaulDad.jpg
            [Upload] => Submit Query
        )

    [files] => Array
        (
            [Filedata] => Array
                (
                    [name] => HultmanPaulDad.jpg
                    [type] => application/octet-stream
                    [tmp_name] => C:\Program Files (x86)\Apache Software Foundation\Apache2.2\htdocs\tmp\php6782.tmp
                    [error] => 0
                    [size] => 143905
                )

        )

)

---
Array
(
    [time] => Mon, 12 Jan 2015 04:46:02 -0800
    [addr] => ******maximvs
    [agent] => Shockwave Flash
    [get] => Array
        (
            [dbname] => hultman
        )

    [post] => Array
        (
            [Filename] => HultmanPaulDad.jpg
            [Upload] => Submit Query
        )

    [files] => Array
        (
            [Filedata] => Array
                (
                    [name] => HultmanPaulDad.jpg
                    [type] => application/octet-stream
                    [tmp_name] => C:\Program Files (x86)\Apache Software Foundation\Apache2.2\htdocs\tmp\phpF76A.tmp
                    [error] => 0
                    [size] => 143905
                )

        )

)

---
Array
(
    [time] => Mon, 12 Jan 2015 04:46:52 -0800
    [addr] => ******maximvs
    [agent] => Shockwave Flash
    [get] => Array
        (
            [dbname] => hultman
        )

    [post] => Array
        (
            [Filename] => HultmanPaulDad.jpg
            [Upload] => Submit Query
        )

    [files] => Array
        (
            [Filedata] => Array
                (
                    [name] => HultmanPaulDad.jpg
                    [type] => application/octet-stream
                    [tmp_name] => C:\Program Files (x86)\Apache Software Foundation\Apache2.2\htdocs\tmp\phpBBC5.tmp
                    [error] => 0
                    [size] => 143905
                )

        )

)

---
Array
(
    [time] => Mon, 12 Jan 2015 04:52:01 -0800
    [addr] => ******maximvs
    [agent] => Shockwave Flash
    [get] => Array
        (
            [dbname] => hultman
        )

    [post] => Array
        (
            [Filename] => 208CordovaDr1960.jpg
            [Upload] => Submit Query
        )

    [files] => Array
        (
            [Filedata] => Array
                (
                    [name] => 208CordovaDr1960.jpg
                    [type] => application/octet-stream
                    [tmp_name] => C:\Program Files (x86)\Apache Software Foundation\Apache2.2\htdocs\tmp\php73D7.tmp
                    [error] => 0
                    [size] => 168442
                )

        )

)

---
Array
(
    [time] => Mon, 12 Jan 2015 04:53:08 -0800
    [addr] => ******maximvs
    [agent] => Shockwave Flash
    [get] => Array
        (
            [dbname] => hultman
        )

    [post] => Array
        (
            [Filename] => 208CordovaDr1960.jpg
            [Upload] => Submit Query
        )

    [files] => Array
        (
            [Filedata] => Array
                (
                    [name] => 208CordovaDr1960.jpg
                    [type] => application/octet-stream
                    [tmp_name] => C:\Program Files (x86)\Apache Software Foundation\Apache2.2\htdocs\tmp\php774E.tmp
                    [error] => 0
                    [size] => 168442
                )

        )

)

---
Array
(
    [time] => Mon, 12 Jan 2015 04:53:49 -0800
    [addr] => ******maximvs
    [agent] => Shockwave Flash
    [get] => Array
        (
            [dbname] => hultman
        )

    [post] => Array
        (
            [Filename] => Christie_Glen.jpg
            [Upload] => Submit Query
        )

    [files] => Array
        (
            [Filedata] => Array
                (
                    [name] => Christie_Glen.jpg
                    [type] => application/octet-stream
                    [tmp_name] => C:\Program Files (x86)\Apache Software Foundation\Apache2.2\htdocs\tmp\php19C9.tmp
                    [error] => 0
                    [size] => 48572
                )

        )

)

---
Array
(
    [time] => Mon, 12 Jan 2015 11:48:44 -0800
    [addr] => ******maximvs
    [agent] => Shockwave Flash
    [get] => Array
        (
            [dbname] => Simpson
        )

    [post] => Array
        (
            [Filename] => 212px-Homer_Simpson_2006.png
            [Upload] => Submit Query
        )

    [files] => Array
        (
            [Filedata] => Array
                (
                    [name] => 212px-Homer_Simpson_2006.png
                    [type] => application/octet-stream
                    [tmp_name] => C:\Program Files (x86)\Apache Software Foundation\Apache2.2\htdocs\tmp\phpF6B9.tmp
                    [error] => 0
                    [size] => 49108
                )

        )

)

---
Array
(
    [time] => Mon, 12 Jan 2015 11:49:21 -0800
    [addr] => ******maximvs
    [agent] => Shockwave Flash
    [get] => Array
        (
            [dbname] => Simpson
        )

    [post] => Array
        (
            [Filename] => 212px-Homer_Simpson_2006.png
            [Upload] => Submit Query
        )

    [files] => Array
        (
            [Filedata] => Array
                (
                    [name] => 212px-Homer_Simpson_2006.png
                    [type] => application/octet-stream
                    [tmp_name] => C:\Program Files (x86)\Apache Software Foundation\Apache2.2\htdocs\tmp\php886B.tmp
                    [error] => 0
                    [size] => 49108
                )

        )

)

---
Array
(
    [time] => Mon, 12 Jan 2015 11:50:04 -0800
    [addr] => ******maximvs
    [agent] => Shockwave Flash
    [get] => Array
        (
            [dbname] => Simpson
        )

    [post] => Array
        (
            [Filename] => Homer_Simpson_2006.png
            [Upload] => Submit Query
        )

    [files] => Array
        (
            [Filedata] => Array
                (
                    [name] => Homer_Simpson_2006.png
                    [type] => application/octet-stream
                    [tmp_name] => C:\Program Files (x86)\Apache Software Foundation\Apache2.2\htdocs\tmp\php2E8F.tmp
                    [error] => 0
                    [size] => 49108
                )

        )

)

---
Array
(
    [time] => Mon, 12 Jan 2015 11:51:59 -0800
    [addr] => ******maximvs
    [agent] => Shockwave Flash
    [get] => Array
        (
            [dbname] => test
        )

    [post] => Array
        (
            [Filename] => Marge_Simpson.png
            [Upload] => Submit Query
        )

    [files] => Array
        (
            [Filedata] => Array
                (
                    [name] => Marge_Simpson.png
                    [type] => application/octet-stream
                    [tmp_name] => C:\Program Files (x86)\Apache Software Foundation\Apache2.2\htdocs\tmp\phpEF6A.tmp
                    [error] => 0
                    [size] => 59636
                )

        )

)

---
Array
(
    [time] => Mon, 12 Jan 2015 12:03:34 -0800
    [addr] => ******maximvs
    [agent] => Shockwave Flash
    [get] => Array
        (
            [dbname] => test
        )

    [post] => Array
        (
            [Filename] => Homer_Simpson_2006.png
            [Upload] => Submit Query
        )

    [files] => Array
        (
            [Filedata] => Array
                (
                    [name] => Homer_Simpson_2006.png
                    [type] => application/octet-stream
                    [tmp_name] => C:\Program Files (x86)\Apache Software Foundation\Apache2.2\htdocs\tmp\php8AA1.tmp
                    [error] => 0
                    [size] => 49108
                )

        )

)

---
Array
(
    [time] => Mon, 12 Jan 2015 12:17:00 -0800
    [addr] => ******maximvs
    [agent] => Shockwave Flash
    [get] => Array
        (
            [dbname] => test
        )

    [post] => Array
        (
            [Filename] => Abe_Simpson.png
            [Upload] => Submit Query
        )

    [files] => Array
        (
            [Filedata] => Array
                (
                    [name] => Abe_Simpson.png
                    [type] => application/octet-stream
                    [tmp_name] => C:\Program Files (x86)\Apache Software Foundation\Apache2.2\htdocs\tmp\phpD637.tmp
                    [error] => 0
                    [size] => 54530
                )

        )

)

---
Array
(
    [time] => Mon, 12 Jan 2015 12:18:24 -0800
    [addr] => ******maximvs
    [agent] => Shockwave Flash
    [get] => Array
        (
            [dbname] => test
        )

    [post] => Array
        (
            [Filename] => Bart_Simpson_200px.png
            [Upload] => Submit Query
        )

    [files] => Array
        (
            [Filedata] => Array
                (
                    [name] => Bart_Simpson_200px.png
                    [type] => application/octet-stream
                    [tmp_name] => C:\Program Files (x86)\Apache Software Foundation\Apache2.2\htdocs\tmp\php1FCF.tmp
                    [error] => 0
                    [size] => 19409
                )

        )

)

---
Array
(
    [time] => Tue, 13 Jan 2015 13:49:34 -0800
    [addr] => ******maximvs
    [agent] => Mozilla/5.0 (Windows NT 6.3; WOW64) AppleWebKit/537.36 (KHTML, like Gecko) Chrome/39.0.2171.95 Safari/537.36
    [get] => Array
        (
            [dbname] => hultman
        )

    [post] => Array
        (
            [Filename] => TEST.JPG
            [Upload] => Submit Query
        )

    [files] => Array
        (
            [Filedata] => Array
                (
                    [name] => TEST.JPG
                    [type] => application/octet-stream
                    [tmp_name] => C:\Program Files (x86)\Apache Software Foundation\Apache2.2\htdocs\tmp\phpF0FD.tmp
                    [error] => 0
                    [size] => 20811
                )

        )

)

---
Array
(
    [time] => Tue, 13 Jan 2015 13:50:35 -0800
    [addr] => ******maximvs
    [agent] => Mozilla/5.0 (Windows NT 6.3; WOW64) AppleWebKit/537.36 (KHTML, like Gecko) Chrome/39.0.2171.95 Safari/537.36
    [get] => Array
        (
            [dbname] => hultman
        )

    [post] => Array
        (
            [Filename] => TEST.JPG
            [Upload] => Submit Query
        )

    [files] => Array
        (
            [Filedata] => Array
                (
                    [name] => TEST.JPG
                    [type] => application/octet-stream
                    [tmp_name] => C:\Program Files (x86)\Apache Software Foundation\Apache2.2\htdocs\tmp\phpE253.tmp
                    [error] => 0
                    [size] => 20811
                )

        )

)

---
Array
(
    [time] => Sat, 17 Jan 2015 02:17:57 -0500
    [addr] => ******8-108-241-124.snloca.dsl-w.verizon.net
    [agent] => Mozilla/5.0 (Windows NT 6.3; WOW64) AppleWebKit/537.36 (KHTML, like Gecko) Chrome/39.0.2171.99 Safari/537.36
    [get] => Array
        (
            [dbname] => hultman
        )

    [post] => Array
        (
            [Filename] => TiaGlen_DonnaMom.jpg
            [Upload] => Submit Query
        )

    [files] => Array
        (
            [Filedata] => Array
                (
                    [name] => TiaGlen_DonnaMom.jpg
                    [type] => application/octet-stream
                    [tmp_name] => /tmp/phpXXR1fd
                    [error] => 0
                    [size] => 243202
                )

        )

)

---
Array
(
    [time] => Sat, 17 Jan 2015 02:29:06 -0500
    [addr] => ******8-108-241-124.snloca.dsl-w.verizon.net
    [agent] => Mozilla/5.0 (Windows NT 6.3; WOW64) AppleWebKit/537.36 (KHTML, like Gecko) Chrome/39.0.2171.99 Safari/537.36
    [get] => Array
        (
            [dbname] => hultman
        )

    [post] => Array
        (
            [Filename] => TiaGlen_DonnaMom.jpg
            [Upload] => Submit Query
        )

    [files] => Array
        (
            [Filedata] => Array
                (
                    [name] => TiaGlen_DonnaMom.jpg
                    [type] => application/octet-stream
                    [tmp_name] => /tmp/phpQXe7ol
                    [error] => 0
                    [size] => 243202
                )

        )

)

---
Array
(
    [time] => Sat, 17 Jan 2015 02:31:16 -0500
    [addr] => ******8-108-241-124.snloca.dsl-w.verizon.net
    [agent] => Mozilla/5.0 (Windows NT 6.3; WOW64) AppleWebKit/537.36 (KHTML, like Gecko) Chrome/39.0.2171.99 Safari/537.36
    [get] => Array
        (
            [dbname] => hultman
        )

    [post] => Array
        (
            [Filename] => Donna_and_Grace1.jpg
            [Upload] => Submit Query
        )

    [files] => Array
        (
            [Filedata] => Array
                (
                    [name] => Donna_and_Grace1.jpg
                    [type] => application/octet-stream
                    [tmp_name] => /tmp/phpdjgukW
                    [error] => 0
                    [size] => 199819
                )

        )

)

---
Array
(
    [time] => Sat, 17 Jan 2015 02:32:21 -0500
    [addr] => ******8-108-241-124.snloca.dsl-w.verizon.net
    [agent] => Shockwave Flash
    [get] => Array
        (
            [dbname] => hultman
        )

    [post] => Array
        (
            [Filename] => TiredAfteraMarch.jpg
            [Upload] => Submit Query
        )

    [files] => Array
        (
            [Filedata] => Array
                (
                    [name] => TiredAfteraMarch.jpg
                    [type] => application/octet-stream
                    [tmp_name] => /tmp/php4Cv5k1
                    [error] => 0
                    [size] => 125150
                )

        )

)

---
Array
(
    [time] => Sat, 17 Jan 2015 02:32:55 -0500
    [addr] => ******8-108-241-124.snloca.dsl-w.verizon.net
    [agent] => Shockwave Flash
    [get] => Array
        (
            [dbname] => hultman
        )

    [post] => Array
        (
            [Filename] => PaulWW2.jpg
            [Upload] => Submit Query
        )

    [files] => Array
        (
            [Filedata] => Array
                (
                    [name] => PaulWW2.jpg
                    [type] => application/octet-stream
                    [tmp_name] => /tmp/phpVNJefq
                    [error] => 0
                    [size] => 74131
                )

        )

)

---
Array
(
    [time] => Sat, 17 Jan 2015 02:34:15 -0500
    [addr] => ******8-108-241-124.snloca.dsl-w.verizon.net
    [agent] => Mozilla/5.0 (Windows NT 6.3; WOW64) AppleWebKit/537.36 (KHTML, like Gecko) Chrome/39.0.2171.99 Safari/537.36
    [get] => Array
        (
            [dbname] => hultman
        )

    [post] => Array
        (
            [Filename] => TiaGlen_DonnaMom.jpg
            [Upload] => Submit Query
        )

    [files] => Array
        (
            [Filedata] => Array
                (
                    [name] => TiaGlen_DonnaMom.jpg
                    [type] => application/octet-stream
                    [tmp_name] => /tmp/php8fKcdu
                    [error] => 0
                    [size] => 243202
                )

        )

)

---
Array
(
    [time] => Sat, 17 Jan 2015 02:34:54 -0500
    [addr] => ******8-108-241-124.snloca.dsl-w.verizon.net
    [agent] => Shockwave Flash
    [get] => Array
        (
            [dbname] => hultman
        )

    [post] => Array
        (
            [Filename] => PaulWW2.jpg
            [Upload] => Submit Query
        )

    [files] => Array
        (
            [Filedata] => Array
                (
                    [name] => PaulWW2.jpg
                    [type] => application/octet-stream
                    [tmp_name] => /tmp/phpBJTFCC
                    [error] => 0
                    [size] => 74131
                )

        )

)

---
Array
(
    [time] => Sat, 17 Jan 2015 02:35:57 -0500
    [addr] => ******8-108-241-124.snloca.dsl-w.verizon.net
    [agent] => Shockwave Flash
    [get] => Array
        (
            [dbname] => hultman
        )

    [post] => Array
        (
            [Filename] => TiaGlen_DonnaMom.jpg
            [Upload] => Submit Query
        )

    [files] => Array
        (
            [Filedata] => Array
                (
                    [name] => TiaGlen_DonnaMom.jpg
                    [type] => application/octet-stream
                    [tmp_name] => /tmp/phppoaKmn
                    [error] => 0
                    [size] => 243202
                )

        )

)

---
Array
(
    [time] => Sat, 17 Jan 2015 02:36:25 -0500
    [addr] => ******8-108-241-124.snloca.dsl-w.verizon.net
    [agent] => Shockwave Flash
    [get] => Array
        (
            [dbname] => hultman
        )

    [post] => Array
        (
            [Filename] => TiaGlen_DonnaMom.jpg
            [Upload] => Submit Query
        )

    [files] => Array
        (
            [Filedata] => Array
                (
                    [name] => TiaGlen_DonnaMom.jpg
                    [type] => application/octet-stream
                    [tmp_name] => /tmp/phpM4gPlL
                    [error] => 0
                    [size] => 243202
                )

        )

)

---
Array
(
    [time] => Sat, 17 Jan 2015 02:38:01 -0500
    [addr] => ******8-108-241-124.snloca.dsl-w.verizon.net
    [agent] => Shockwave Flash
    [get] => Array
        (
            [dbname] => hultman
        )

    [post] => Array
        (
            [Filename] => TiaGlen_DonnaMom.jpg
            [Upload] => Submit Query
        )

    [files] => Array
        (
            [Filedata] => Array
                (
                    [name] => TiaGlen_DonnaMom.jpg
                    [type] => application/octet-stream
                    [tmp_name] => /tmp/phpJUqmIx
                    [error] => 0
                    [size] => 243202
                )

        )

)

---
Array
(
    [time] => Sat, 17 Jan 2015 02:39:32 -0500
    [addr] => ******8-108-241-124.snloca.dsl-w.verizon.net
    [agent] => Shockwave Flash
    [get] => Array
        (
            [dbname] => hultman
        )

    [post] => Array
        (
            [Filename] => TiaGlen_DonnaMom.jpg
            [Upload] => Submit Query
        )

    [files] => Array
        (
            [Filedata] => Array
                (
                    [name] => TiaGlen_DonnaMom.jpg
                    [type] => application/octet-stream
                    [tmp_name] => /tmp/phpYoMXac
                    [error] => 0
                    [size] => 243202
                )

        )

)

---
Array
(
    [time] => Mon, 19 Jan 2015 02:41:10 -0500
    [addr] => ******8-108-241-124.snloca.dsl-w.verizon.net
    [agent] => w3af.org
    [get] => Array
        (
            [dbname] => none
        )

    [post] => Array
        (
            [Filedata] => 
        )

)

---
Array
(
    [time] => Mon, 19 Jan 2015 02:41:25 -0500
    [addr] => ******8-108-241-124.snloca.dsl-w.verizon.net
    [agent] => w3af.org
    [get] => Array
        (
            [dbname] => none
        )

)

---
Array
(
    [time] => Mon, 19 Jan 2015 02:41:55 -0500
    [addr] => ******8-108-241-124.snloca.dsl-w.verizon.net
    [agent] => w3af.org
    [get] => Array
        (
            [dbname] => none
        )

)

---
Array
(
    [time] => Mon, 19 Jan 2015 02:44:02 -0500
    [addr] => ******8-108-241-124.snloca.dsl-w.verizon.net
    [agent] => w3af.org
    [get] => Array
        (
            [dbname] => hultman
        )

    [post] => Array
        (
            [Filedata] => 
        )

)

---
Array
(
    [time] => Mon, 19 Jan 2015 02:44:12 -0500
    [addr] => ******8-108-241-124.snloca.dsl-w.verizon.net
    [agent] => w3af.org
    [get] => Array
        (
            [dbname] => hultman
        )

)

---
Array
(
    [time] => Mon, 19 Jan 2015 02:44:23 -0500
    [addr] => ******8-108-241-124.snloca.dsl-w.verizon.net
    [agent] => w3af.org
    [get] => Array
        (
            [dbname] => hultman
        )

)

---
Array
(
    [time] => Mon, 19 Jan 2015 02:44:28 -0500
    [addr] => ******8-108-241-124.snloca.dsl-w.verizon.net
    [agent] => w3af.org
    [get] => Array
        (
            [dbname] => none
        )

)

---
Array
(
    [time] => Mon, 19 Jan 2015 02:44:29 -0500
    [addr] => ******8-108-241-124.snloca.dsl-w.verizon.net
    [agent] => w3af.org
    [get] => Array
        (
            [dbname] => none
        )

    [files] => Array
        (
            [Filedata] => Array
                (
                    [name] => hClrjFT.gif
                    [type] => image/gif
                    [tmp_name] => /tmp/php5KdKEF
                    [error] => 0
                    [size] => 278
                )

        )

)

---
Array
(
    [time] => Mon, 19 Jan 2015 02:45:22 -0500
    [addr] => ******8-108-241-124.snloca.dsl-w.verizon.net
    [agent] => w3af.org
    [get] => Array
        (
            [dbname] => Hager
        )

)

---
Array
(
    [time] => Mon, 19 Jan 2015 02:45:31 -0500
    [addr] => ******8-108-241-124.snloca.dsl-w.verizon.net
    [agent] => w3af.org
    [get] => Array
        (
            [dbname] => Simpson
        )

)

---
Array
(
    [time] => Mon, 19 Jan 2015 02:45:36 -0500
    [addr] => ******8-108-241-124.snloca.dsl-w.verizon.net
    [agent] => w3af.org
    [get] => Array
        (
            [dbname] => Hager
        )

    [post] => Array
        (
            [Filedata] => 
        )

)

---
Array
(
    [time] => Mon, 19 Jan 2015 02:47:08 -0500
    [addr] => ******8-108-241-124.snloca.dsl-w.verizon.net
    [agent] => w3af.org
    [get] => Array
        (
            [dbname] => hebel
        )

)

---
Array
(
    [time] => Tue, 27 Jan 2015 11:31:57 -0500
    [addr] => ******.sitelock.com
    [agent] => Mozilla/5.0 (compatible; MSIE 9.0; Windows NT 6.1; WOW64; Trident/6.0)
    [get] => Array
        (
            [Filedata] => 1
            [dbname] => none
        )

)

---
Array
(
    [time] => Tue, 27 Jan 2015 11:32:05 -0500
    [addr] => ******.sitelock.com
    [agent] => SiteLockSpider [en] (WinNT; I ;Nav)
    [get] => Array
        (
            [dbname] => none
        )

)

---
Array
(
    [time] => Tue, 27 Jan 2015 11:32:06 -0500
    [addr] => ******.sitelock.com
    [agent] => SiteLockSpider [en] (WinNT; I ;Nav)
    [get] => Array
        (
            [dbname] => 
        )

)

---
Array
(
    [time] => Tue, 27 Jan 2015 11:32:06 -0500
    [addr] => ******.sitelock.com
    [agent] => SiteLockSpider [en] (WinNT; I ;Nav)
    [get] => Array
        (
            [dbname] => hebel
        )

)

---
Array
(
    [time] => Tue, 27 Jan 2015 11:32:22 -0500
    [addr] => ******.sitelock.com
    [agent] => SiteLockSpider [en] (WinNT; I ;Nav)
    [get] => Array
        (
            [Filedata] => 1
            [dbname] => 
        )

)

---
Array
(
    [time] => Tue, 27 Jan 2015 11:32:22 -0500
    [addr] => ******.sitelock.com
    [agent] => SiteLockSpider [en] (WinNT; I ;Nav)
    [get] => Array
        (
            [Filedata] => 1
            [dbname] => John
        )

)

---
Array
(
    [time] => Tue, 27 Jan 2015 11:32:22 -0500
    [addr] => ******.sitelock.com
    [agent] => SiteLockSpider [en] (WinNT; I ;Nav)
    [get] => Array
        (
            [Filedata] => 1
            [dbname] => hebel
        )

)

---
Array
(
    [time] => Tue, 27 Jan 2015 11:32:34 -0500
    [addr] => ******.sitelock.com
    [agent] => SiteLockSpider [en] (WinNT; I ;Nav)
    [get] => Array
        (
            [dbname] => hultman
        )

)

---
Array
(
    [time] => Tue, 27 Jan 2015 11:32:34 -0500
    [addr] => ******.sitelock.com
    [agent] => SiteLockSpider [en] (WinNT; I ;Nav)
    [get] => Array
        (
            [dbname] => John
        )

)

---
Array
(
    [time] => Tue, 27 Jan 2015 11:32:34 -0500
    [addr] => ******.sitelock.com
    [agent] => SiteLockSpider [en] (WinNT; I ;Nav)
    [get] => Array
        (
            [dbname] => Simpson
        )

)

---
Array
(
    [time] => Tue, 27 Jan 2015 11:32:45 -0500
    [addr] => ******.sitelock.com
    [agent] => SiteLockSpider [en] (WinNT; I ;Nav)
    [get] => Array
        (
            [dbname] => Hager
        )

)

---
Array
(
    [time] => Thu, 26 Feb 2015 11:32:50 -0500
    [addr] => ******.sitelock.com
    [agent] => Mozilla/5.0 (compatible; MSIE 9.0; Windows NT 6.1; WOW64; Trident/6.0)
    [get] => Array
        (
            [Filedata] => 1
            [dbname] => none
        )

)

---
Array
(
    [time] => Thu, 26 Feb 2015 11:32:51 -0500
    [addr] => ******.sitelock.com
    [agent] => SiteLockSpider [en] (WinNT; I ;Nav)
    [get] => Array
        (
            [dbname] => none
        )

)

---
Array
(
    [time] => Thu, 26 Feb 2015 11:33:08 -0500
    [addr] => ******.sitelock.com
    [agent] => SiteLockSpider [en] (WinNT; I ;Nav)
    [get] => Array
        (
            [dbname] => 
        )

)

---
Array
(
    [time] => Thu, 26 Feb 2015 11:33:08 -0500
    [addr] => ******.sitelock.com
    [agent] => SiteLockSpider [en] (WinNT; I ;Nav)
    [get] => Array
        (
            [Filedata] => 1
            [dbname] => 
        )

)

---
Array
(
    [time] => Thu, 26 Feb 2015 11:33:08 -0500
    [addr] => ******.sitelock.com
    [agent] => SiteLockSpider [en] (WinNT; I ;Nav)
    [get] => Array
        (
            [Filedata] => 1
            [dbname] => hebel
        )

)

---
Array
(
    [time] => Thu, 26 Feb 2015 11:33:08 -0500
    [addr] => ******.sitelock.com
    [agent] => SiteLockSpider [en] (WinNT; I ;Nav)
    [get] => Array
        (
            [dbname] => hebel
        )

)

---
Array
(
    [time] => Thu, 26 Feb 2015 11:33:19 -0500
    [addr] => ******.sitelock.com
    [agent] => SiteLockSpider [en] (WinNT; I ;Nav)
    [get] => Array
        (
            [dbname] => hultman
        )

)

---
Array
(
    [time] => Thu, 26 Feb 2015 11:33:19 -0500
    [addr] => ******.sitelock.com
    [agent] => SiteLockSpider [en] (WinNT; I ;Nav)
    [get] => Array
        (
            [Filedata] => 1
            [dbname] => Hager
        )

)

---
Array
(
    [time] => Thu, 26 Feb 2015 11:33:23 -0500
    [addr] => ******.sitelock.com
    [agent] => SiteLockSpider [en] (WinNT; I ;Nav)
    [get] => Array
        (
            [dbname] => John
        )

)

---
Array
(
    [time] => Thu, 26 Feb 2015 11:33:23 -0500
    [addr] => ******.sitelock.com
    [agent] => SiteLockSpider [en] (WinNT; I ;Nav)
    [get] => Array
        (
            [dbname] => Simpson
        )

)

---
Array
(
    [time] => Thu, 26 Feb 2015 11:33:23 -0500
    [addr] => ******.sitelock.com
    [agent] => SiteLockSpider [en] (WinNT; I ;Nav)
    [get] => Array
        (
            [dbname] => Hager
        )

)

---
Array
(
    [time] => Thu, 26 Feb 2015 11:33:24 -0500
    [addr] => ******.sitelock.com
    [agent] => SiteLockSpider [en] (WinNT; I ;Nav)
    [get] => Array
        (
            [Filedata] => 1
            [dbname] => John
        )

)

---
Array
(
    [time] => Wed, 04 Mar 2015 07:37:47 -0500
    [addr] => ******8-108-241-124.snloca.dsl-w.verizon.net
    [agent] => Shockwave Flash
    [get] => Array
        (
            [dbname] => hebel
        )

    [post] => Array
        (
            [Filename] => lucy_at_the_zoo.jpg
            [Upload] => Submit Query
        )

    [files] => Array
        (
            [Filedata] => Array
                (
                    [name] => lucy_at_the_zoo.jpg
                    [type] => application/octet-stream
                    [tmp_name] => /tmp/phpiabI7l
                    [error] => 0
                    [size] => 156559
                )

        )

)

---
Array
(
    [time] => Mon, 23 Mar 2015 05:36:51 -0400
    [addr] => ******4-111-229-84.snloca.dsl-w.verizon.net
    [agent] => Shockwave Flash
    [get] => Array
        (
            [dbname] => hultman
        )

    [post] => Array
        (
            [Filename] => Glen.jpg
            [Upload] => Submit Query
        )

    [files] => Array
        (
            [Filedata] => Array
                (
                    [name] => Glen.jpg
                    [type] => application/octet-stream
                    [tmp_name] => /tmp/php484wdL
                    [error] => 0
                    [size] => 81800
                )

        )

)

---
Array
(
    [time] => Sat, 28 Mar 2015 11:32:45 -0400
    [addr] => ******.sitelock.com
    [agent] => Mozilla/5.0 (compatible; MSIE 9.0; Windows NT 6.1; WOW64; Trident/6.0)
    [get] => Array
        (
            [Filedata] => 1
            [dbname] => none
        )

)

---
Array
(
    [time] => Sat, 28 Mar 2015 11:32:46 -0400
    [addr] => ******.sitelock.com
    [agent] => SiteLockSpider [en] (WinNT; I ;Nav)
    [get] => Array
        (
            [dbname] => none
        )

)

---
Array
(
    [time] => Sat, 28 Mar 2015 11:32:59 -0400
    [addr] => ******.sitelock.com
    [agent] => SiteLockSpider [en] (WinNT; I ;Nav)
    [get] => Array
        (
            [dbname] => hultman
        )

)

---
Array
(
    [time] => Sat, 28 Mar 2015 11:32:59 -0400
    [addr] => ******.sitelock.com
    [agent] => SiteLockSpider [en] (WinNT; I ;Nav)
    [get] => Array
        (
            [Filedata] => 1
            [dbname] => Hager
        )

)

---
Array
(
    [time] => Sat, 28 Mar 2015 11:32:59 -0400
    [addr] => ******.sitelock.com
    [agent] => SiteLockSpider [en] (WinNT; I ;Nav)
    [get] => Array
        (
            [dbname] => Hager
        )

)

---
Array
(
    [time] => Sat, 28 Mar 2015 11:32:59 -0400
    [addr] => ******.sitelock.com
    [agent] => SiteLockSpider [en] (WinNT; I ;Nav)
    [get] => Array
        (
            [Filedata] => 1
            [dbname] => 
        )

)

---
Array
(
    [time] => Sat, 28 Mar 2015 11:33:00 -0400
    [addr] => ******.sitelock.com
    [agent] => SiteLockSpider [en] (WinNT; I ;Nav)
    [get] => Array
        (
            [Filedata] => 1
            [dbname] => John
        )

)

---
Array
(
    [time] => Sat, 28 Mar 2015 11:33:00 -0400
    [addr] => ******.sitelock.com
    [agent] => SiteLockSpider [en] (WinNT; I ;Nav)
    [get] => Array
        (
            [dbname] => 
        )

)

---
Array
(
    [time] => Sat, 28 Mar 2015 11:33:00 -0400
    [addr] => ******.sitelock.com
    [agent] => SiteLockSpider [en] (WinNT; I ;Nav)
    [get] => Array
        (
            [dbname] => John
        )

)

---
Array
(
    [time] => Sat, 28 Mar 2015 11:33:00 -0400
    [addr] => ******.sitelock.com
    [agent] => SiteLockSpider [en] (WinNT; I ;Nav)
    [get] => Array
        (
            [Filedata] => 1
            [dbname] => hultman
        )

)

---
Array
(
    [time] => Sat, 28 Mar 2015 11:33:24 -0400
    [addr] => ******.sitelock.com
    [agent] => SiteLockSpider [en] (WinNT; I ;Nav)
    [get] => Array
        (
            [dbname] => Simpson
        )

)

---
Array
(
    [time] => Sat, 28 Mar 2015 11:33:24 -0400
    [addr] => ******.sitelock.com
    [agent] => SiteLockSpider [en] (WinNT; I ;Nav)
    [get] => Array
        (
            [Filedata] => 1
            [dbname] => hebel
        )

)

---
Array
(
    [time] => Sat, 28 Mar 2015 11:33:24 -0400
    [addr] => ******.sitelock.com
    [agent] => SiteLockSpider [en] (WinNT; I ;Nav)
    [get] => Array
        (
            [dbname] => hebel
        )

)

---
Array
(
    [time] => Mon, 27 Apr 2015 11:32:44 -0400
    [addr] => ******.sitelock.com
    [agent] => Mozilla/5.0 (compatible; MSIE 9.0; Windows NT 6.1; WOW64; Trident/6.0)
    [get] => Array
        (
            [Filedata] => 1
            [dbname] => none
        )

)

---
Array
(
    [time] => Mon, 27 Apr 2015 11:32:54 -0400
    [addr] => ******.sitelock.com
    [agent] => SiteLockSpider [en] (WinNT; I ;Nav)
    [get] => Array
        (
            [dbname] => Hager
        )

)

---
Array
(
    [time] => Mon, 27 Apr 2015 11:32:54 -0400
    [addr] => ******.sitelock.com
    [agent] => SiteLockSpider [en] (WinNT; I ;Nav)
    [get] => Array
        (
            [dbname] => none
        )

)

---
Array
(
    [time] => Mon, 27 Apr 2015 11:32:54 -0400
    [addr] => ******.sitelock.com
    [agent] => SiteLockSpider [en] (WinNT; I ;Nav)
    [get] => Array
        (
            [dbname] => 
        )

)

---
Array
(
    [time] => Mon, 27 Apr 2015 11:32:54 -0400
    [addr] => ******.sitelock.com
    [agent] => SiteLockSpider [en] (WinNT; I ;Nav)
    [get] => Array
        (
            [dbname] => hebel
        )

)

---
Array
(
    [time] => Mon, 27 Apr 2015 11:32:55 -0400
    [addr] => ******.sitelock.com
    [agent] => SiteLockSpider [en] (WinNT; I ;Nav)
    [get] => Array
        (
            [Filedata] => 1
            [dbname] => Hager
        )

)

---
Array
(
    [time] => Mon, 27 Apr 2015 11:32:55 -0400
    [addr] => ******.sitelock.com
    [agent] => SiteLockSpider [en] (WinNT; I ;Nav)
    [get] => Array
        (
            [Filedata] => 1
            [dbname] => 
        )

)

---
Array
(
    [time] => Mon, 27 Apr 2015 11:32:55 -0400
    [addr] => ******.sitelock.com
    [agent] => SiteLockSpider [en] (WinNT; I ;Nav)
    [get] => Array
        (
            [Filedata] => 1
            [dbname] => hebel
        )

)

---
Array
(
    [time] => Mon, 27 Apr 2015 11:33:26 -0400
    [addr] => ******.sitelock.com
    [agent] => SiteLockSpider [en] (WinNT; I ;Nav)
    [get] => Array
        (
            [dbname] => hultman
        )

)

---
Array
(
    [time] => Mon, 27 Apr 2015 11:33:26 -0400
    [addr] => ******.sitelock.com
    [agent] => SiteLockSpider [en] (WinNT; I ;Nav)
    [get] => Array
        (
            [dbname] => John
        )

)

---
Array
(
    [time] => Mon, 27 Apr 2015 11:33:26 -0400
    [addr] => ******.sitelock.com
    [agent] => SiteLockSpider [en] (WinNT; I ;Nav)
    [get] => Array
        (
            [dbname] => Simpson
        )

)

---
Array
(
    [time] => Mon, 27 Apr 2015 11:33:26 -0400
    [addr] => ******.sitelock.com
    [agent] => SiteLockSpider [en] (WinNT; I ;Nav)
    [get] => Array
        (
            [Filedata] => 1
            [dbname] => John
        )

)

---
Array
(
    [time] => Wed, 27 May 2015 11:33:47 -0400
    [addr] => ******.sitelock.com
    [agent] => Mozilla/5.0 (compatible; MSIE 9.0; Windows NT 6.1; WOW64; Trident/6.0)
    [get] => Array
        (
            [Filedata] => 1
            [dbname] => none
        )

)

---
Array
(
    [time] => Wed, 27 May 2015 11:33:57 -0400
    [addr] => ******.sitelock.com
    [agent] => SiteLockSpider [en] (WinNT; I ;Nav)
    [get] => Array
        (
            [dbname] => Hager
        )

)

---
Array
(
    [time] => Wed, 27 May 2015 11:33:57 -0400
    [addr] => ******.sitelock.com
    [agent] => SiteLockSpider [en] (WinNT; I ;Nav)
    [get] => Array
        (
            [dbname] => none
        )

)

---
Array
(
    [time] => Wed, 27 May 2015 11:33:57 -0400
    [addr] => ******.sitelock.com
    [agent] => SiteLockSpider [en] (WinNT; I ;Nav)
    [get] => Array
        (
            [dbname] => 
        )

)

---
Array
(
    [time] => Wed, 27 May 2015 11:33:58 -0400
    [addr] => ******.sitelock.com
    [agent] => SiteLockSpider [en] (WinNT; I ;Nav)
    [get] => Array
        (
            [dbname] => hebel
        )

)

---
Array
(
    [time] => Wed, 27 May 2015 11:33:58 -0400
    [addr] => ******.sitelock.com
    [agent] => SiteLockSpider [en] (WinNT; I ;Nav)
    [get] => Array
        (
            [Filedata] => 1
            [dbname] => Hager
        )

)

---
Array
(
    [time] => Wed, 27 May 2015 11:33:58 -0400
    [addr] => ******.sitelock.com
    [agent] => SiteLockSpider [en] (WinNT; I ;Nav)
    [get] => Array
        (
            [Filedata] => 1
            [dbname] => 
        )

)

---
Array
(
    [time] => Wed, 27 May 2015 11:33:59 -0400
    [addr] => ******.sitelock.com
    [agent] => SiteLockSpider [en] (WinNT; I ;Nav)
    [get] => Array
        (
            [Filedata] => 1
            [dbname] => hebel
        )

)

---
Array
(
    [time] => Wed, 27 May 2015 11:34:34 -0400
    [addr] => ******.sitelock.com
    [agent] => SiteLockSpider [en] (WinNT; I ;Nav)
    [get] => Array
        (
            [dbname] => hultman
        )

)

---
Array
(
    [time] => Wed, 27 May 2015 11:34:34 -0400
    [addr] => ******.sitelock.com
    [agent] => SiteLockSpider [en] (WinNT; I ;Nav)
    [get] => Array
        (
            [dbname] => John
        )

)

---
Array
(
    [time] => Wed, 27 May 2015 11:34:34 -0400
    [addr] => ******.sitelock.com
    [agent] => SiteLockSpider [en] (WinNT; I ;Nav)
    [get] => Array
        (
            [dbname] => Simpson
        )

)

---
Array
(
    [time] => Wed, 27 May 2015 11:34:34 -0400
    [addr] => ******.sitelock.com
    [agent] => SiteLockSpider [en] (WinNT; I ;Nav)
    [get] => Array
        (
            [Filedata] => 1
            [dbname] => John
        )

)

---
Array
(
    [time] => Fri, 26 Jun 2015 11:35:12 -0400
    [addr] => ******.sitelock.com
    [agent] => Mozilla/5.0 (compatible; MSIE 9.0; Windows NT 6.1; WOW64; Trident/6.0)
    [get] => Array
        (
            [Filedata] => 1
            [dbname] => none
        )

)

---
Array
(
    [time] => Fri, 26 Jun 2015 11:35:19 -0400
    [addr] => ******.sitelock.com
    [agent] => SiteLockSpider [en] (WinNT; I ;Nav)
    [get] => Array
        (
            [dbname] => Hager
        )

)

---
Array
(
    [time] => Fri, 26 Jun 2015 11:35:19 -0400
    [addr] => ******.sitelock.com
    [agent] => SiteLockSpider [en] (WinNT; I ;Nav)
    [get] => Array
        (
            [dbname] => none
        )

)

---
Array
(
    [time] => Fri, 26 Jun 2015 11:35:19 -0400
    [addr] => ******.sitelock.com
    [agent] => SiteLockSpider [en] (WinNT; I ;Nav)
    [get] => Array
        (
            [dbname] => 
        )

)

---
Array
(
    [time] => Fri, 26 Jun 2015 11:35:19 -0400
    [addr] => ******.sitelock.com
    [agent] => SiteLockSpider [en] (WinNT; I ;Nav)
    [get] => Array
        (
            [dbname] => hebel
        )

)

---
Array
(
    [time] => Fri, 26 Jun 2015 11:35:19 -0400
    [addr] => ******.sitelock.com
    [agent] => SiteLockSpider [en] (WinNT; I ;Nav)
    [get] => Array
        (
            [Filedata] => 1
            [dbname] => Hager
        )

)

---
Array
(
    [time] => Fri, 26 Jun 2015 11:35:19 -0400
    [addr] => ******.sitelock.com
    [agent] => SiteLockSpider [en] (WinNT; I ;Nav)
    [get] => Array
        (
            [Filedata] => 1
            [dbname] => 
        )

)

---
Array
(
    [time] => Fri, 26 Jun 2015 11:35:20 -0400
    [addr] => ******.sitelock.com
    [agent] => SiteLockSpider [en] (WinNT; I ;Nav)
    [get] => Array
        (
            [Filedata] => 1
            [dbname] => hebel
        )

)

---
Array
(
    [time] => Fri, 26 Jun 2015 11:35:39 -0400
    [addr] => ******.sitelock.com
    [agent] => SiteLockSpider [en] (WinNT; I ;Nav)
    [get] => Array
        (
            [dbname] => hultman
        )

)

---
Array
(
    [time] => Fri, 26 Jun 2015 11:35:39 -0400
    [addr] => ******.sitelock.com
    [agent] => SiteLockSpider [en] (WinNT; I ;Nav)
    [get] => Array
        (
            [dbname] => John
        )

)

---
Array
(
    [time] => Fri, 26 Jun 2015 11:35:39 -0400
    [addr] => ******.sitelock.com
    [agent] => SiteLockSpider [en] (WinNT; I ;Nav)
    [get] => Array
        (
            [dbname] => Simpson
        )

)

---
Array
(
    [time] => Fri, 26 Jun 2015 11:35:39 -0400
    [addr] => ******.sitelock.com
    [agent] => SiteLockSpider [en] (WinNT; I ;Nav)
    [get] => Array
        (
            [Filedata] => 1
            [dbname] => John
        )

)

---
Array
(
    [time] => Sun, 26 Jul 2015 11:33:58 -0400
    [addr] => ******.sitelock.com
    [agent] => Mozilla/5.0 (compatible; MSIE 9.0; Windows NT 6.1; WOW64; Trident/6.0)
    [get] => Array
        (
            [Filedata] => 1
            [dbname] => none
        )

)

---
Array
(
    [time] => Sun, 26 Jul 2015 11:34:05 -0400
    [addr] => ******.sitelock.com
    [agent] => SiteLockSpider [en] (WinNT; I ;Nav)
    [get] => Array
        (
            [dbname] => none
        )

)

---
Array
(
    [time] => Sun, 26 Jul 2015 11:34:24 -0400
    [addr] => ******.sitelock.com
    [agent] => SiteLockSpider [en] (WinNT; I ;Nav)
    [get] => Array
        (
            [dbname] => John
        )

)

---
Array
(
    [time] => Sun, 26 Jul 2015 11:34:25 -0400
    [addr] => ******.sitelock.com
    [agent] => SiteLockSpider [en] (WinNT; I ;Nav)
    [get] => Array
        (
            [Filedata] => 1
            [dbname] => John
        )

)

---
Array
(
    [time] => Sun, 26 Jul 2015 11:34:25 -0400
    [addr] => ******.sitelock.com
    [agent] => SiteLockSpider [en] (WinNT; I ;Nav)
    [get] => Array
        (
            [Filedata] => 1
            [dbname] => hebel
        )

)

---
Array
(
    [time] => Sun, 26 Jul 2015 11:34:25 -0400
    [addr] => ******.sitelock.com
    [agent] => SiteLockSpider [en] (WinNT; I ;Nav)
    [get] => Array
        (
            [dbname] => hebel
        )

)

---
Array
(
    [time] => Sun, 26 Jul 2015 11:34:33 -0400
    [addr] => ******.sitelock.com
    [agent] => SiteLockSpider [en] (WinNT; I ;Nav)
    [get] => Array
        (
            [Filedata] => 1
            [dbname] => Simpson
        )

)

---
Array
(
    [time] => Sun, 26 Jul 2015 11:34:34 -0400
    [addr] => ******.sitelock.com
    [agent] => SiteLockSpider [en] (WinNT; I ;Nav)
    [get] => Array
        (
            [dbname] => hultman
        )

)

---
Array
(
    [time] => Sun, 26 Jul 2015 11:34:34 -0400
    [addr] => ******.sitelock.com
    [agent] => SiteLockSpider [en] (WinNT; I ;Nav)
    [get] => Array
        (
            [Filedata] => 1
            [dbname] => Hager
        )

)

---
Array
(
    [time] => Sun, 26 Jul 2015 11:34:34 -0400
    [addr] => ******.sitelock.com
    [agent] => SiteLockSpider [en] (WinNT; I ;Nav)
    [get] => Array
        (
            [dbname] => Simpson
        )

)

---
Array
(
    [time] => Sun, 26 Jul 2015 11:34:36 -0400
    [addr] => ******.sitelock.com
    [agent] => SiteLockSpider [en] (WinNT; I ;Nav)
    [get] => Array
        (
            [dbname] => Hager
        )

)

---
Array
(
    [time] => Sun, 26 Jul 2015 11:34:36 -0400
    [addr] => ******.sitelock.com
    [agent] => SiteLockSpider [en] (WinNT; I ;Nav)
    [get] => Array
        (
            [Filedata] => 1
            [dbname] => hultman
        )

)

---
Array
(
    [time] => Sun, 26 Jul 2015 11:34:44 -0400
    [addr] => ******.sitelock.com
    [agent] => SiteLockSpider [en] (WinNT; I ;Nav)
    [get] => Array
        (
            [dbname] => 
        )

)

---
Array
(
    [time] => Tue, 25 Aug 2015 11:31:00 -0400
    [addr] => ******.sitelock.com
    [agent] => Mozilla/5.0 (compatible; MSIE 9.0; Windows NT 6.1; WOW64; Trident/6.0)
    [get] => Array
        (
            [Filedata] => 1
            [dbname] => none
        )

)

---
Array
(
    [time] => Tue, 25 Aug 2015 11:31:01 -0400
    [addr] => ******.sitelock.com
    [agent] => SiteLockSpider [en] (WinNT; I ;Nav)
    [get] => Array
        (
            [dbname] => none
        )

)

---
Array
(
    [time] => Tue, 25 Aug 2015 11:31:21 -0400
    [addr] => ******.sitelock.com
    [agent] => SiteLockSpider [en] (WinNT; I ;Nav)
    [get] => Array
        (
            [dbname] => John
        )

)

---
Array
(
    [time] => Tue, 25 Aug 2015 11:31:21 -0400
    [addr] => ******.sitelock.com
    [agent] => SiteLockSpider [en] (WinNT; I ;Nav)
    [get] => Array
        (
            [Filedata] => 1
            [dbname] => John
        )

)

---
Array
(
    [time] => Tue, 25 Aug 2015 11:31:26 -0400
    [addr] => ******.sitelock.com
    [agent] => SiteLockSpider [en] (WinNT; I ;Nav)
    [get] => Array
        (
            [Filedata] => 1
            [dbname] => Simpson
        )

)

---
Array
(
    [time] => Tue, 25 Aug 2015 11:31:26 -0400
    [addr] => ******.sitelock.com
    [agent] => SiteLockSpider [en] (WinNT; I ;Nav)
    [get] => Array
        (
            [dbname] => hultman
        )

)

---
Array
(
    [time] => Tue, 25 Aug 2015 11:31:27 -0400
    [addr] => ******.sitelock.com
    [agent] => SiteLockSpider [en] (WinNT; I ;Nav)
    [get] => Array
        (
            [Filedata] => 1
            [dbname] => Hager
        )

)

---
Array
(
    [time] => Tue, 25 Aug 2015 11:31:27 -0400
    [addr] => ******.sitelock.com
    [agent] => SiteLockSpider [en] (WinNT; I ;Nav)
    [get] => Array
        (
            [dbname] => Simpson
        )

)

---
Array
(
    [time] => Tue, 25 Aug 2015 11:31:27 -0400
    [addr] => ******.sitelock.com
    [agent] => SiteLockSpider [en] (WinNT; I ;Nav)
    [get] => Array
        (
            [dbname] => Hager
        )

)

---
Array
(
    [time] => Tue, 25 Aug 2015 11:31:27 -0400
    [addr] => ******.sitelock.com
    [agent] => SiteLockSpider [en] (WinNT; I ;Nav)
    [get] => Array
        (
            [Filedata] => 1
            [dbname] => hultman
        )

)

---
Array
(
    [time] => Tue, 25 Aug 2015 11:31:27 -0400
    [addr] => ******.sitelock.com
    [agent] => SiteLockSpider [en] (WinNT; I ;Nav)
    [get] => Array
        (
            [Filedata] => 1
            [dbname] => hebel
        )

)

---
Array
(
    [time] => Tue, 25 Aug 2015 11:31:27 -0400
    [addr] => ******.sitelock.com
    [agent] => SiteLockSpider [en] (WinNT; I ;Nav)
    [get] => Array
        (
            [dbname] => hebel
        )

)

---
Array
(
    [time] => Tue, 25 Aug 2015 11:31:44 -0400
    [addr] => ******.sitelock.com
    [agent] => SiteLockSpider [en] (WinNT; I ;Nav)
    [get] => Array
        (
            [dbname] => 
        )

)

---
Array
(
    [time] => Thu, 24 Sep 2015 11:32:30 -0400
    [addr] => ******.sitelock.com
    [agent] => Mozilla/5.0 (compatible; MSIE 9.0; Windows NT 6.1; WOW64; Trident/6.0)
    [get] => Array
        (
            [Filedata] => 1
            [dbname] => none
        )

)

---
Array
(
    [time] => Thu, 24 Sep 2015 11:32:31 -0400
    [addr] => ******.sitelock.com
    [agent] => SiteLockSpider [en] (WinNT; I ;Nav)
    [get] => Array
        (
            [dbname] => none
        )

)

---
Array
(
    [time] => Thu, 24 Sep 2015 11:32:48 -0400
    [addr] => ******.sitelock.com
    [agent] => SiteLockSpider [en] (WinNT; I ;Nav)
    [get] => Array
        (
            [Filedata] => 1
            [dbname] => Simpson
        )

)

---
Array
(
    [time] => Thu, 24 Sep 2015 11:32:49 -0400
    [addr] => ******.sitelock.com
    [agent] => SiteLockSpider [en] (WinNT; I ;Nav)
    [get] => Array
        (
            [Filedata] => 1
            [dbname] => Hager
        )

)

---
Array
(
    [time] => Thu, 24 Sep 2015 11:32:55 -0400
    [addr] => ******.sitelock.com
    [agent] => SiteLockSpider [en] (WinNT; I ;Nav)
    [get] => Array
        (
            [dbname] => John
        )

)

---
Array
(
    [time] => Thu, 24 Sep 2015 11:32:56 -0400
    [addr] => ******.sitelock.com
    [agent] => SiteLockSpider [en] (WinNT; I ;Nav)
    [get] => Array
        (
            [dbname] => Simpson
        )

)

---
Array
(
    [time] => Thu, 24 Sep 2015 11:32:56 -0400
    [addr] => ******.sitelock.com
    [agent] => SiteLockSpider [en] (WinNT; I ;Nav)
    [get] => Array
        (
            [dbname] => Hager
        )

)

---
Array
(
    [time] => Thu, 24 Sep 2015 11:32:56 -0400
    [addr] => ******.sitelock.com
    [agent] => SiteLockSpider [en] (WinNT; I ;Nav)
    [get] => Array
        (
            [dbname] => hebel
        )

)

---
Array
(
    [time] => Thu, 24 Sep 2015 11:32:57 -0400
    [addr] => ******.sitelock.com
    [agent] => SiteLockSpider [en] (WinNT; I ;Nav)
    [get] => Array
        (
            [Filedata] => 1
            [dbname] => John
        )

)

---
Array
(
    [time] => Thu, 24 Sep 2015 11:32:57 -0400
    [addr] => ******.sitelock.com
    [agent] => SiteLockSpider [en] (WinNT; I ;Nav)
    [get] => Array
        (
            [Filedata] => 1
            [dbname] => hebel
        )

)

---
Array
(
    [time] => Thu, 24 Sep 2015 11:33:10 -0400
    [addr] => ******.sitelock.com
    [agent] => SiteLockSpider [en] (WinNT; I ;Nav)
    [get] => Array
        (
            [dbname] => hultman
        )

)

---
Array
(
    [time] => Thu, 24 Sep 2015 11:33:11 -0400
    [addr] => ******.sitelock.com
    [agent] => SiteLockSpider [en] (WinNT; I ;Nav)
    [get] => Array
        (
            [dbname] => 
        )

)

---
Array
(
    [time] => Sat, 24 Oct 2015 11:38:18 -0400
    [addr] => ******.sitelock.com
    [agent] => Mozilla/5.0 (compatible; MSIE 9.0; Windows NT 6.1; WOW64; Trident/6.0)
    [get] => Array
        (
            [Filedata] => 1
            [dbname] => none
        )

)

---
Array
(
    [time] => Sat, 24 Oct 2015 11:38:19 -0400
    [addr] => ******.sitelock.com
    [agent] => SiteLockSpider [en] (WinNT; I ;Nav)
    [get] => Array
        (
            [dbname] => none
        )

)

---
Array
(
    [time] => Sat, 24 Oct 2015 11:38:31 -0400
    [addr] => ******.sitelock.com
    [agent] => SiteLockSpider [en] (WinNT; I ;Nav)
    [get] => Array
        (
            [Filedata] => 1
            [dbname] => Hager
        )

)

---
Array
(
    [time] => Sat, 24 Oct 2015 11:38:31 -0400
    [addr] => ******.sitelock.com
    [agent] => SiteLockSpider [en] (WinNT; I ;Nav)
    [get] => Array
        (
            [dbname] => Hager
        )

)

---
Array
(
    [time] => Sat, 24 Oct 2015 11:38:31 -0400
    [addr] => ******.sitelock.com
    [agent] => SiteLockSpider [en] (WinNT; I ;Nav)
    [get] => Array
        (
            [Filedata] => 1
            [dbname] => John
        )

)

---
Array
(
    [time] => Sat, 24 Oct 2015 11:38:31 -0400
    [addr] => ******.sitelock.com
    [agent] => SiteLockSpider [en] (WinNT; I ;Nav)
    [get] => Array
        (
            [dbname] => John
        )

)

---
Array
(
    [time] => Sat, 24 Oct 2015 11:38:31 -0400
    [addr] => ******.sitelock.com
    [agent] => SiteLockSpider [en] (WinNT; I ;Nav)
    [get] => Array
        (
            [Filedata] => 1
            [dbname] => hebel
        )

)

---
Array
(
    [time] => Sat, 24 Oct 2015 11:38:31 -0400
    [addr] => ******.sitelock.com
    [agent] => SiteLockSpider [en] (WinNT; I ;Nav)
    [get] => Array
        (
            [dbname] => hebel
        )

)

---
Array
(
    [time] => Sat, 24 Oct 2015 11:38:47 -0400
    [addr] => ******.sitelock.com
    [agent] => SiteLockSpider [en] (WinNT; I ;Nav)
    [get] => Array
        (
            [dbname] => 
        )

)

---
Array
(
    [time] => Sat, 24 Oct 2015 11:38:47 -0400
    [addr] => ******.sitelock.com
    [agent] => SiteLockSpider [en] (WinNT; I ;Nav)
    [get] => Array
        (
            [dbname] => Simpson
        )

)

---
Array
(
    [time] => Sat, 24 Oct 2015 11:38:47 -0400
    [addr] => ******.sitelock.com
    [agent] => SiteLockSpider [en] (WinNT; I ;Nav)
    [get] => Array
        (
            [Filedata] => 1
            [dbname] => 
        )

)

---
Array
(
    [time] => Sat, 24 Oct 2015 11:38:51 -0400
    [addr] => ******.sitelock.com
    [agent] => SiteLockSpider [en] (WinNT; I ;Nav)
    [get] => Array
        (
            [dbname] => hultman
        )

)

---
Array
(
    [time] => Mon, 23 Nov 2015 00:26:55 -0500
    [addr] => ******f4.static.xlhost.com
    [agent] => Java/1.6.0_04
    [get] => Array
        (
            [dbname] => none
        )

)

---
Array
(
    [time] => Mon, 23 Nov 2015 11:40:32 -0500
    [addr] => ******.sitelock.com
    [agent] => Mozilla/5.0 (compatible; MSIE 9.0; Windows NT 6.1; WOW64; Trident/6.0)
    [get] => Array
        (
            [Filedata] => 1
            [dbname] => none
        )

)

---
Array
(
    [time] => Mon, 23 Nov 2015 11:40:33 -0500
    [addr] => ******.sitelock.com
    [agent] => SiteLockSpider [en] (WinNT; I ;Nav)
    [get] => Array
        (
            [dbname] => none
        )

)

---
Array
(
    [time] => Mon, 23 Nov 2015 11:40:44 -0500
    [addr] => ******.sitelock.com
    [agent] => SiteLockSpider [en] (WinNT; I ;Nav)
    [get] => Array
        (
            [Filedata] => 1
            [dbname] => Hager
        )

)

---
Array
(
    [time] => Mon, 23 Nov 2015 11:40:44 -0500
    [addr] => ******.sitelock.com
    [agent] => SiteLockSpider [en] (WinNT; I ;Nav)
    [get] => Array
        (
            [dbname] => Hager
        )

)

---
Array
(
    [time] => Mon, 23 Nov 2015 11:40:44 -0500
    [addr] => ******.sitelock.com
    [agent] => SiteLockSpider [en] (WinNT; I ;Nav)
    [get] => Array
        (
            [Filedata] => 1
            [dbname] => John
        )

)

---
Array
(
    [time] => Mon, 23 Nov 2015 11:40:44 -0500
    [addr] => ******.sitelock.com
    [agent] => SiteLockSpider [en] (WinNT; I ;Nav)
    [get] => Array
        (
            [dbname] => John
        )

)

---
Array
(
    [time] => Mon, 23 Nov 2015 11:40:44 -0500
    [addr] => ******.sitelock.com
    [agent] => SiteLockSpider [en] (WinNT; I ;Nav)
    [get] => Array
        (
            [Filedata] => 1
            [dbname] => hebel
        )

)

---
Array
(
    [time] => Mon, 23 Nov 2015 11:40:44 -0500
    [addr] => ******.sitelock.com
    [agent] => SiteLockSpider [en] (WinNT; I ;Nav)
    [get] => Array
        (
            [dbname] => hebel
        )

)

---
Array
(
    [time] => Mon, 23 Nov 2015 11:41:01 -0500
    [addr] => ******.sitelock.com
    [agent] => SiteLockSpider [en] (WinNT; I ;Nav)
    [get] => Array
        (
            [dbname] => 
        )

)

---
Array
(
    [time] => Mon, 23 Nov 2015 11:41:01 -0500
    [addr] => ******.sitelock.com
    [agent] => SiteLockSpider [en] (WinNT; I ;Nav)
    [get] => Array
        (
            [dbname] => Simpson
        )

)

---
Array
(
    [time] => Mon, 23 Nov 2015 11:41:01 -0500
    [addr] => ******.sitelock.com
    [agent] => SiteLockSpider [en] (WinNT; I ;Nav)
    [get] => Array
        (
            [Filedata] => 1
            [dbname] => 
        )

)

---
Array
(
    [time] => Mon, 23 Nov 2015 11:41:05 -0500
    [addr] => ******.sitelock.com
    [agent] => SiteLockSpider [en] (WinNT; I ;Nav)
    [get] => Array
        (
            [dbname] => hultman
        )

)

---
Array
(
    [time] => Wed, 23 Dec 2015 12:34:53 -0500
    [addr] => ******.sitelock.com
    [agent] => Mozilla/5.0 (compatible; MSIE 9.0; Windows NT 6.1; WOW64; Trident/6.0)
    [get] => Array
        (
            [Filedata] => 1
            [dbname] => none
        )

)

---
Array
(
    [time] => Wed, 23 Dec 2015 12:37:52 -0500
    [addr] => ******.sitelock.com
    [agent] => SiteLockSpider [en] (WinNT; I ;Nav)
    [get] => Array
        (
            [dbname] => none
        )

)

---
Array
(
    [time] => Wed, 23 Dec 2015 12:37:52 -0500
    [addr] => ******.sitelock.com
    [agent] => SiteLockSpider [en] (WinNT; I ;Nav)
    [get] => Array
        (
            [dbname] => 
        )

)

---
Array
(
    [time] => Wed, 23 Dec 2015 12:37:52 -0500
    [addr] => ******.sitelock.com
    [agent] => SiteLockSpider [en] (WinNT; I ;Nav)
    [get] => Array
        (
            [dbname] => John
        )

)

---
Array
(
    [time] => Wed, 23 Dec 2015 12:37:53 -0500
    [addr] => ******.sitelock.com
    [agent] => SiteLockSpider [en] (WinNT; I ;Nav)
    [get] => Array
        (
            [dbname] => hebel
        )

)

---
Array
(
    [time] => Wed, 23 Dec 2015 12:37:53 -0500
    [addr] => ******.sitelock.com
    [agent] => SiteLockSpider [en] (WinNT; I ;Nav)
    [get] => Array
        (
            [Filedata] => 1
            [dbname] => 
        )

)

---
Array
(
    [time] => Wed, 23 Dec 2015 12:43:15 -0500
    [addr] => ******.sitelock.com
    [agent] => SiteLockSpider [en] (WinNT; I ;Nav)
    [get] => Array
        (
            [Filedata] => 1
            [dbname] => John
        )

)

---
Array
(
    [time] => Wed, 23 Dec 2015 12:43:15 -0500
    [addr] => ******.sitelock.com
    [agent] => SiteLockSpider [en] (WinNT; I ;Nav)
    [get] => Array
        (
            [Filedata] => 1
            [dbname] => hebel
        )

)

---
Array
(
    [time] => Wed, 23 Dec 2015 12:46:04 -0500
    [addr] => ******.sitelock.com
    [agent] => SiteLockSpider [en] (WinNT; I ;Nav)
    [get] => Array
        (
            [dbname] => Simpson
        )

)

---
Array
(
    [time] => Wed, 23 Dec 2015 12:46:37 -0500
    [addr] => ******.sitelock.com
    [agent] => SiteLockSpider [en] (WinNT; I ;Nav)
    [get] => Array
        (
            [dbname] => hultman
        )

)

---
Array
(
    [time] => Fri, 22 Jan 2016 11:32:27 -0500
    [addr] => ******older.sitelock.com
    [agent] => Mozilla/5.0 (compatible; MSIE 9.0; Windows NT 6.1; WOW64; Trident/6.0)
    [get] => Array
        (
            [Filedata] => 1
            [dbname] => none
        )

)

---
Array
(
    [time] => Fri, 22 Jan 2016 11:32:27 -0500
    [addr] => ******older.sitelock.com
    [agent] => SiteLockSpider [en] (WinNT; I ;Nav)
    [get] => Array
        (
            [dbname] => none
        )

)

---
Array
(
    [time] => Fri, 22 Jan 2016 11:32:46 -0500
    [addr] => ******older.sitelock.com
    [agent] => SiteLockSpider [en] (WinNT; I ;Nav)
    [get] => Array
        (
            [Filedata] => 1
            [dbname] => Hager
        )

)

---
Array
(
    [time] => Fri, 22 Jan 2016 11:32:46 -0500
    [addr] => ******older.sitelock.com
    [agent] => SiteLockSpider [en] (WinNT; I ;Nav)
    [get] => Array
        (
            [dbname] => Hager
        )

)

---
Array
(
    [time] => Fri, 22 Jan 2016 11:32:46 -0500
    [addr] => ******older.sitelock.com
    [agent] => SiteLockSpider [en] (WinNT; I ;Nav)
    [get] => Array
        (
            [Filedata] => 1
            [dbname] => John
        )

)

---
Array
(
    [time] => Fri, 22 Jan 2016 11:32:46 -0500
    [addr] => ******older.sitelock.com
    [agent] => SiteLockSpider [en] (WinNT; I ;Nav)
    [get] => Array
        (
            [dbname] => John
        )

)

---
Array
(
    [time] => Fri, 22 Jan 2016 11:32:47 -0500
    [addr] => ******older.sitelock.com
    [agent] => SiteLockSpider [en] (WinNT; I ;Nav)
    [get] => Array
        (
            [Filedata] => 1
            [dbname] => hebel
        )

)

---
Array
(
    [time] => Fri, 22 Jan 2016 11:32:47 -0500
    [addr] => ******older.sitelock.com
    [agent] => SiteLockSpider [en] (WinNT; I ;Nav)
    [get] => Array
        (
            [dbname] => hebel
        )

)

---
Array
(
    [time] => Fri, 22 Jan 2016 11:33:30 -0500
    [addr] => ******older.sitelock.com
    [agent] => SiteLockSpider [en] (WinNT; I ;Nav)
    [get] => Array
        (
            [dbname] => 
        )

)

---
Array
(
    [time] => Fri, 22 Jan 2016 11:33:30 -0500
    [addr] => ******older.sitelock.com
    [agent] => SiteLockSpider [en] (WinNT; I ;Nav)
    [get] => Array
        (
            [dbname] => Simpson
        )

)

---
Array
(
    [time] => Fri, 22 Jan 2016 11:33:31 -0500
    [addr] => ******older.sitelock.com
    [agent] => SiteLockSpider [en] (WinNT; I ;Nav)
    [get] => Array
        (
            [Filedata] => 1
            [dbname] => 
        )

)

---
Array
(
    [time] => Fri, 22 Jan 2016 11:33:36 -0500
    [addr] => ******older.sitelock.com
    [agent] => SiteLockSpider [en] (WinNT; I ;Nav)
    [get] => Array
        (
            [dbname] => hultman
        )

)

---
Array
(
    [time] => Wed, 03 Feb 2016 07:55:20 -0500
    [addr] => ******8.151.0
    [agent] => Shockwave Flash
    [get] => Array
        (
            [dbname] => hultman
        )

    [post] => Array
        (
            [Filename] => ox.php.jpg
            [Upload] => Submit Query
        )

    [files] => Array
        (
            [Filedata] => Array
                (
                    [name] => ox.php.jpg
                    [type] => application/octet-stream
                    [tmp_name] => /tmp/phpQdAj4r
                    [error] => 0
                    [size] => 67512
                )

        )

)

---
Array
(
    [time] => Wed, 03 Feb 2016 07:56:54 -0500
    [addr] => ******8.151.0
    [agent] => Shockwave Flash
    [get] => Array
        (
            [dbname] => hultman
        )

    [post] => Array
        (
            [Filename] => ox.php.jpg
            [Upload] => Submit Query
        )

    [files] => Array
        (
            [Filedata] => Array
                (
                    [name] => ox.php.jpg
                    [type] => application/octet-stream
                    [tmp_name] => /tmp/phpYbaJbZ
                    [error] => 0
                    [size] => 67512
                )

        )

)

---
Array
(
    [time] => Sun, 07 Feb 2016 16:08:42 -0500
    [addr] => ******55.184
    [agent] => Mozilla/5.0 (Windows NT 6.1) AppleWebKit/537.36 (KHTML, like Gecko) Chrome/48.0.2564.103 Safari/537.36
    [get] => Array
        (
            [dbname] => hultman
        )

    [post] => Array
        (
            [Filename] => hacked.jpg
            [Upload] => Submit Query
        )

    [files] => Array
        (
            [Filedata] => Array
                (
                    [name] => hacked.jpg
                    [type] => application/octet-stream
                    [tmp_name] => /tmp/php6luDic
                    [error] => 0
                    [size] => 35723
                )

        )

)

---
Array
(
    [time] => Sun, 07 Feb 2016 16:09:12 -0500
    [addr] => ******8.151.0
    [agent] => Mozilla/5.0 (Windows NT 6.1) AppleWebKit/537.36 (KHTML, like Gecko) Chrome/48.0.2564.103 Safari/537.36
    [get] => Array
        (
            [dbname] => hultman
        )

    [post] => Array
        (
            [Filename] => slider.php
            [Upload] => Submit Query
        )

    [files] => Array
        (
            [Filedata] => Array
                (
                    [name] => slider.php
                    [type] => application/octet-stream
                    [tmp_name] => /tmp/phpF2a4Hq
                    [error] => 0
                    [size] => 121449
                )

        )

)

---
Array
(
    [time] => Sun, 21 Feb 2016 11:37:38 -0500
    [addr] => ******.sitelock.com
    [agent] => Mozilla/5.0 (compatible; MSIE 9.0; Windows NT 6.1; WOW64; Trident/6.0)
    [get] => Array
        (
            [Filedata] => 1
            [dbname] => none
        )

)

---
Array
(
    [time] => Sun, 21 Feb 2016 11:37:39 -0500
    [addr] => ******.sitelock.com
    [agent] => SiteLockSpider [en] (WinNT; I ;Nav)
    [get] => Array
        (
            [dbname] => none
        )

)

---
Array
(
    [time] => Sun, 21 Feb 2016 11:37:50 -0500
    [addr] => ******.sitelock.com
    [agent] => SiteLockSpider [en] (WinNT; I ;Nav)
    [get] => Array
        (
            [Filedata] => 1
            [dbname] => Hager
        )

)

---
Array
(
    [time] => Sun, 21 Feb 2016 11:37:51 -0500
    [addr] => ******.sitelock.com
    [agent] => SiteLockSpider [en] (WinNT; I ;Nav)
    [get] => Array
        (
            [dbname] => Hager
        )

)

---
Array
(
    [time] => Sun, 21 Feb 2016 11:37:51 -0500
    [addr] => ******.sitelock.com
    [agent] => SiteLockSpider [en] (WinNT; I ;Nav)
    [get] => Array
        (
            [Filedata] => 1
            [dbname] => John
        )

)

---
Array
(
    [time] => Sun, 21 Feb 2016 11:37:51 -0500
    [addr] => ******.sitelock.com
    [agent] => SiteLockSpider [en] (WinNT; I ;Nav)
    [get] => Array
        (
            [dbname] => John
        )

)

---
Array
(
    [time] => Sun, 21 Feb 2016 11:37:51 -0500
    [addr] => ******.sitelock.com
    [agent] => SiteLockSpider [en] (WinNT; I ;Nav)
    [get] => Array
        (
            [Filedata] => 1
            [dbname] => hebel
        )

)

---
Array
(
    [time] => Sun, 21 Feb 2016 11:37:51 -0500
    [addr] => ******.sitelock.com
    [agent] => SiteLockSpider [en] (WinNT; I ;Nav)
    [get] => Array
        (
            [dbname] => hebel
        )

)

---
Array
(
    [time] => Sun, 21 Feb 2016 11:38:33 -0500
    [addr] => ******.sitelock.com
    [agent] => SiteLockSpider [en] (WinNT; I ;Nav)
    [get] => Array
        (
            [dbname] => 
        )

)

---
Array
(
    [time] => Sun, 21 Feb 2016 11:38:33 -0500
    [addr] => ******.sitelock.com
    [agent] => SiteLockSpider [en] (WinNT; I ;Nav)
    [get] => Array
        (
            [dbname] => Simpson
        )

)

---
Array
(
    [time] => Sun, 21 Feb 2016 11:38:34 -0500
    [addr] => ******.sitelock.com
    [agent] => SiteLockSpider [en] (WinNT; I ;Nav)
    [get] => Array
        (
            [Filedata] => 1
            [dbname] => 
        )

)

---
Array
(
    [time] => Tue, 22 Mar 2016 11:33:56 -0400
    [addr] => ******.sitelock.com
    [agent] => Mozilla/5.0 (compatible; MSIE 9.0; Windows NT 6.1; WOW64; Trident/6.0)
    [get] => Array
        (
            [Filedata] => 1
            [dbname] => none
        )

)

---
Array
(
    [time] => Tue, 22 Mar 2016 11:33:57 -0400
    [addr] => ******.sitelock.com
    [agent] => SiteLockSpider [en] (WinNT; I ;Nav)
    [get] => Array
        (
            [dbname] => none
        )

)

---
Array
(
    [time] => Tue, 22 Mar 2016 11:34:12 -0400
    [addr] => ******.sitelock.com
    [agent] => SiteLockSpider [en] (WinNT; I ;Nav)
    [get] => Array
        (
            [Filedata] => 1
            [dbname] => Hager
        )

)

---
Array
(
    [time] => Tue, 22 Mar 2016 11:34:12 -0400
    [addr] => ******.sitelock.com
    [agent] => SiteLockSpider [en] (WinNT; I ;Nav)
    [get] => Array
        (
            [dbname] => Hager
        )

)

---
Array
(
    [time] => Tue, 22 Mar 2016 11:34:13 -0400
    [addr] => ******.sitelock.com
    [agent] => SiteLockSpider [en] (WinNT; I ;Nav)
    [get] => Array
        (
            [Filedata] => 1
            [dbname] => John
        )

)

---
Array
(
    [time] => Tue, 22 Mar 2016 11:34:13 -0400
    [addr] => ******.sitelock.com
    [agent] => SiteLockSpider [en] (WinNT; I ;Nav)
    [get] => Array
        (
            [dbname] => John
        )

)

---
Array
(
    [time] => Tue, 22 Mar 2016 11:34:13 -0400
    [addr] => ******.sitelock.com
    [agent] => SiteLockSpider [en] (WinNT; I ;Nav)
    [get] => Array
        (
            [Filedata] => 1
            [dbname] => hebel
        )

)

---
Array
(
    [time] => Tue, 22 Mar 2016 11:34:13 -0400
    [addr] => ******.sitelock.com
    [agent] => SiteLockSpider [en] (WinNT; I ;Nav)
    [get] => Array
        (
            [dbname] => hebel
        )

)

---
Array
(
    [time] => Tue, 22 Mar 2016 11:35:11 -0400
    [addr] => ******.sitelock.com
    [agent] => SiteLockSpider [en] (WinNT; I ;Nav)
    [get] => Array
        (
            [dbname] => 
        )

)

---
Array
(
    [time] => Tue, 22 Mar 2016 11:35:11 -0400
    [addr] => ******.sitelock.com
    [agent] => SiteLockSpider [en] (WinNT; I ;Nav)
    [get] => Array
        (
            [dbname] => Simpson
        )

)

---
Array
(
    [time] => Tue, 22 Mar 2016 11:35:11 -0400
    [addr] => ******.sitelock.com
    [agent] => SiteLockSpider [en] (WinNT; I ;Nav)
    [get] => Array
        (
            [Filedata] => 1
            [dbname] => 
        )

)

---
Array
(
    [time] => Tue, 22 Mar 2016 11:35:21 -0400
    [addr] => ******.sitelock.com
    [agent] => SiteLockSpider [en] (WinNT; I ;Nav)
    [get] => Array
        (
            [dbname] => hultman
        )

)

---
Array
(
    [time] => Thu, 21 Apr 2016 11:32:34 -0400
    [addr] => ******.sitelock.com
    [agent] => Mozilla/5.0 (compatible; MSIE 9.0; Windows NT 6.1; WOW64; Trident/6.0)
    [get] => Array
        (
            [Filedata] => 1
            [dbname] => none
        )

)

---
Array
(
    [time] => Thu, 21 Apr 2016 11:32:35 -0400
    [addr] => ******.sitelock.com
    [agent] => SiteLockSpider [en] (WinNT; I ;Nav)
    [get] => Array
        (
            [dbname] => none
        )

)

---
Array
(
    [time] => Thu, 21 Apr 2016 11:33:38 -0400
    [addr] => ******.sitelock.com
    [agent] => SiteLockSpider [en] (WinNT; I ;Nav)
    [get] => Array
        (
            [dbname] => 
        )

)

---
Array
(
    [time] => Thu, 21 Apr 2016 11:33:38 -0400
    [addr] => ******.sitelock.com
    [agent] => SiteLockSpider [en] (WinNT; I ;Nav)
    [get] => Array
        (
            [Filedata] => 1
            [dbname] => 
        )

)

---
Array
(
    [time] => Thu, 21 Apr 2016 11:33:38 -0400
    [addr] => ******.sitelock.com
    [agent] => SiteLockSpider [en] (WinNT; I ;Nav)
    [get] => Array
        (
            [Filedata] => 1
            [dbname] => hebel
        )

)

---
Array
(
    [time] => Thu, 21 Apr 2016 11:33:39 -0400
    [addr] => ******.sitelock.com
    [agent] => SiteLockSpider [en] (WinNT; I ;Nav)
    [get] => Array
        (
            [dbname] => hebel
        )

)

---
Array
(
    [time] => Thu, 21 Apr 2016 11:34:33 -0400
    [addr] => ******.sitelock.com
    [agent] => SiteLockSpider [en] (WinNT; I ;Nav)
    [get] => Array
        (
            [Filedata] => 1
            [dbname] => Simpson
        )

)

---
Array
(
    [time] => Thu, 21 Apr 2016 11:34:33 -0400
    [addr] => ******.sitelock.com
    [agent] => SiteLockSpider [en] (WinNT; I ;Nav)
    [get] => Array
        (
            [dbname] => hultman
        )

)

---
Array
(
    [time] => Thu, 21 Apr 2016 11:34:34 -0400
    [addr] => ******.sitelock.com
    [agent] => SiteLockSpider [en] (WinNT; I ;Nav)
    [get] => Array
        (
            [dbname] => John
        )

)

---
Array
(
    [time] => Thu, 21 Apr 2016 11:34:34 -0400
    [addr] => ******.sitelock.com
    [agent] => SiteLockSpider [en] (WinNT; I ;Nav)
    [get] => Array
        (
            [dbname] => Simpson
        )

)

---
Array
(
    [time] => Thu, 21 Apr 2016 11:34:34 -0400
    [addr] => ******.sitelock.com
    [agent] => SiteLockSpider [en] (WinNT; I ;Nav)
    [get] => Array
        (
            [dbname] => Hager
        )

)

---
Array
(
    [time] => Thu, 21 Apr 2016 11:34:34 -0400
    [addr] => ******.sitelock.com
    [agent] => SiteLockSpider [en] (WinNT; I ;Nav)
    [get] => Array
        (
            [Filedata] => 1
            [dbname] => John
        )

)

---
Array
(
    [time] => Sat, 21 May 2016 11:57:29 -0400
    [addr] => ******older.sitelock.com
    [agent] => Mozilla/5.0 (compatible; MSIE 9.0; Windows NT 6.1; WOW64; Trident/6.0)
    [get] => Array
        (
            [Filedata] => 1
            [dbname] => none
        )

)

---
Array
(
    [time] => Sat, 21 May 2016 11:57:29 -0400
    [addr] => ******older.sitelock.com
    [agent] => SiteLockSpider [en] (WinNT; I ;Nav)
    [get] => Array
        (
            [dbname] => none
        )

)

---
Array
(
    [time] => Sat, 21 May 2016 11:58:17 -0400
    [addr] => ******older.sitelock.com
    [agent] => SiteLockSpider [en] (WinNT; I ;Nav)
    [get] => Array
        (
            [dbname] => 
        )

)

---
Array
(
    [time] => Sat, 21 May 2016 11:58:17 -0400
    [addr] => ******older.sitelock.com
    [agent] => SiteLockSpider [en] (WinNT; I ;Nav)
    [get] => Array
        (
            [Filedata] => 1
            [dbname] => 
        )

)

---
Array
(
    [time] => Sat, 21 May 2016 11:58:17 -0400
    [addr] => ******older.sitelock.com
    [agent] => SiteLockSpider [en] (WinNT; I ;Nav)
    [get] => Array
        (
            [Filedata] => 1
            [dbname] => hebel
        )

)

---
Array
(
    [time] => Sat, 21 May 2016 11:58:18 -0400
    [addr] => ******older.sitelock.com
    [agent] => SiteLockSpider [en] (WinNT; I ;Nav)
    [get] => Array
        (
            [dbname] => hebel
        )

)

---
Array
(
    [time] => Sat, 21 May 2016 11:59:21 -0400
    [addr] => ******older.sitelock.com
    [agent] => SiteLockSpider [en] (WinNT; I ;Nav)
    [get] => Array
        (
            [Filedata] => 1
            [dbname] => Simpson
        )

)

---
Array
(
    [time] => Sat, 21 May 2016 11:59:21 -0400
    [addr] => ******older.sitelock.com
    [agent] => SiteLockSpider [en] (WinNT; I ;Nav)
    [get] => Array
        (
            [dbname] => hultman
        )

)

---
Array
(
    [time] => Sat, 21 May 2016 11:59:21 -0400
    [addr] => ******older.sitelock.com
    [agent] => SiteLockSpider [en] (WinNT; I ;Nav)
    [get] => Array
        (
            [dbname] => John
        )

)

---
Array
(
    [time] => Sat, 21 May 2016 11:59:21 -0400
    [addr] => ******older.sitelock.com
    [agent] => SiteLockSpider [en] (WinNT; I ;Nav)
    [get] => Array
        (
            [dbname] => Simpson
        )

)

---
Array
(
    [time] => Sat, 21 May 2016 11:59:21 -0400
    [addr] => ******older.sitelock.com
    [agent] => SiteLockSpider [en] (WinNT; I ;Nav)
    [get] => Array
        (
            [dbname] => Hager
        )

)

---
Array
(
    [time] => Sat, 21 May 2016 11:59:21 -0400
    [addr] => ******older.sitelock.com
    [agent] => SiteLockSpider [en] (WinNT; I ;Nav)
    [get] => Array
        (
            [Filedata] => 1
            [dbname] => John
        )

)

---
Array
(
    [time] => Mon, 20 Jun 2016 11:38:02 -0400
    [addr] => ******older.sitelock.com
    [agent] => Mozilla/5.0 (compatible; MSIE 9.0; Windows NT 6.1; WOW64; Trident/6.0)
    [get] => Array
        (
            [Filedata] => 1
            [dbname] => none
        )

)

---
Array
(
    [time] => Mon, 20 Jun 2016 11:39:12 -0400
    [addr] => ******older.sitelock.com
    [agent] => SiteLockSpider [en] (WinNT; I ;Nav)
    [get] => Array
        (
            [dbname] => hultman
        )

)

---
Array
(
    [time] => Mon, 20 Jun 2016 11:39:12 -0400
    [addr] => ******older.sitelock.com
    [agent] => SiteLockSpider [en] (WinNT; I ;Nav)
    [get] => Array
        (
            [dbname] => none
        )

)

---
Array
(
    [time] => Mon, 20 Jun 2016 11:39:18 -0400
    [addr] => ******older.sitelock.com
    [agent] => SiteLockSpider [en] (WinNT; I ;Nav)
    [get] => Array
        (
            [Filedata] => 1
            [dbname] => Simpson
        )

)

---
Array
(
    [time] => Mon, 20 Jun 2016 11:39:19 -0400
    [addr] => ******older.sitelock.com
    [agent] => SiteLockSpider [en] (WinNT; I ;Nav)
    [get] => Array
        (
            [Filedata] => 1
            [dbname] => 
        )

)

---
Array
(
    [time] => Mon, 20 Jun 2016 11:39:19 -0400
    [addr] => ******older.sitelock.com
    [agent] => SiteLockSpider [en] (WinNT; I ;Nav)
    [get] => Array
        (
            [Filedata] => 1
            [dbname] => John
        )

)

---
Array
(
    [time] => Mon, 20 Jun 2016 11:39:19 -0400
    [addr] => ******older.sitelock.com
    [agent] => SiteLockSpider [en] (WinNT; I ;Nav)
    [get] => Array
        (
            [Filedata] => 1
            [dbname] => hultman
        )

)

---
Array
(
    [time] => Mon, 20 Jun 2016 11:39:19 -0400
    [addr] => ******older.sitelock.com
    [agent] => SiteLockSpider [en] (WinNT; I ;Nav)
    [get] => Array
        (
            [Filedata] => 1
            [dbname] => hebel
        )

)

---
Array
(
    [time] => Mon, 20 Jun 2016 11:39:19 -0400
    [addr] => ******older.sitelock.com
    [agent] => SiteLockSpider [en] (WinNT; I ;Nav)
    [get] => Array
        (
            [dbname] => 
        )

)

---
Array
(
    [time] => Mon, 20 Jun 2016 11:39:19 -0400
    [addr] => ******older.sitelock.com
    [agent] => SiteLockSpider [en] (WinNT; I ;Nav)
    [get] => Array
        (
            [dbname] => John
        )

)

---
Array
(
    [time] => Mon, 20 Jun 2016 11:39:19 -0400
    [addr] => ******older.sitelock.com
    [agent] => SiteLockSpider [en] (WinNT; I ;Nav)
    [get] => Array
        (
            [dbname] => Simpson
        )

)

---
Array
(
    [time] => Mon, 20 Jun 2016 11:39:19 -0400
    [addr] => ******older.sitelock.com
    [agent] => SiteLockSpider [en] (WinNT; I ;Nav)
    [get] => Array
        (
            [dbname] => hebel
        )

)

---
Array
(
    [time] => Mon, 20 Jun 2016 11:39:34 -0400
    [addr] => ******older.sitelock.com
    [agent] => SiteLockSpider [en] (WinNT; I ;Nav)
    [get] => Array
        (
            [dbname] => Hager
        )

)

---
